
=== Wed Apr  5 17:47:35 2023

Packages were changed.
Update Mode: updateDependencies

The following packages were updated:
  com.unity.collab-proxy from version 1.3.9 to 1.11.2
  com.unity.ide.visualstudio from version 2.0.7 to 2.0.11
  com.unity.ide.vscode from version 1.2.3 to 1.2.4
  com.unity.render-pipelines.universal from version 10.3.2 to 10.6.0
  com.unity.test-framework from version 1.1.24 to 1.1.29
  com.unity.textmeshpro from version 3.0.4 to 3.0.6
  com.unity.timeline from version 1.4.7 to 1.4.8
  com.unity.xr.oculus from version 1.8.1 to 1.10.0
  com.unity.xr.openxr from version 1.0.3 to 1.2.8

=== Tue Apr 25 23:46:51 2023

Packages were changed.
Update Mode: mergeDefaultDependencies

The following packages were added:
  com.unity.postprocessing@3.0.3

=== Wed Apr 26 20:34:23 2023

Packages were changed.
Update Mode: updateDependencies

The following packages were updated:
  com.unity.collab-proxy from version 1.11.2 to 1.17.7
  com.unity.ide.rider from version 2.0.7 to 3.0.16
  com.unity.ide.visualstudio from version 2.0.11 to 2.0.16
  com.unity.ide.vscode from version 1.2.4 to 1.2.5
  com.unity.postprocessing from version 3.0.3 to 3.2.2
  com.unity.render-pipelines.universal from version 10.6.0 to 12.1.8
  com.unity.test-framework from version 1.1.29 to 1.1.31
  com.unity.timeline from version 1.4.8 to 1.6.4
  com.unity.xr.interaction.toolkit from version 1.0.0-pre.3 to 2.0.4
  com.unity.xr.management from version 4.0.1 to 4.2.0
  com.unity.xr.oculus from version 1.10.0 to 3.2.2
  com.unity.xr.openxr from version 1.2.8 to 1.5.3

=== Fri Apr 28 11:15:41 2023

Packages were changed.
Update Mode: updateDependencies

The following packages were updated:
  com.unity.render-pipelines.universal from version 12.1.8 to 13.1.8
  com.unity.test-framework from version 1.1.31 to 1.1.33
  com.unity.timeline from version 1.6.4 to 1.7.2
